<?xml version="1.0" encoding="UTF-8"?>
<!-- Generated by org.testng.reporters.JUnitReportReporter -->
<testsuite hostname="RajRani" failures="0" tests="3" name="testcases.myFirstTestCasesTest" time="99.600" errors="0" timestamp="2024-04-04T08:24:36 IST" skipped="0">
  <testcase classname="testcases.myFirstTestCasesTest" name="login" time="34.772"/>
  <testcase classname="testcases.myFirstTestCasesTest" name="login" time="32.614"/>
  <testcase classname="testcases.myFirstTestCasesTest" name="login" time="32.214"/>
</testsuite> <!-- testcases.myFirstTestCasesTest -->
