<?xml version="1.0" encoding="UTF-8"?>
<!-- Generated by org.testng.reporters.JUnitReportReporter -->
<testsuite hostname="RajRani" failures="0" tests="3" name="testcases.myFirstTestCases" time="101.403" errors="0" timestamp="2024-04-04T07:53:45 IST" skipped="0">
  <testcase classname="testcases.myFirstTestCases" name="login" time="32.227"/>
  <testcase classname="testcases.myFirstTestCases" name="login" time="36.507"/>
  <testcase classname="testcases.myFirstTestCases" name="login" time="32.669"/>
</testsuite> <!-- testcases.myFirstTestCases -->
