<?xml version="1.0" encoding="UTF-8"?>
<!-- Generated by org.testng.reporters.JUnitReportReporter -->
<testsuite hostname="RajRani" failures="0" tests="3" name="testcases.myFirstTestCasesTest" time="124.459" errors="0" timestamp="2024-04-04T11:16:15 IST" skipped="0">
  <testcase classname="testcases.myFirstTestCasesTest" name="login" time="42.771"/>
  <testcase classname="testcases.myFirstTestCasesTest" name="login" time="37.810"/>
  <testcase classname="testcases.myFirstTestCasesTest" name="login" time="43.878"/>
</testsuite> <!-- testcases.myFirstTestCasesTest -->
